2016/09/28 16:25:17 INFO  - jmeter.util.JMeterUtils: Setting Locale to en_US 
2016/09/28 16:25:18 INFO  - jmeter.JMeter: Loading user properties from: /Users/oliverluan/Developer/apache-jmeter-2.11/bin/user.properties 
2016/09/28 16:25:18 INFO  - jmeter.JMeter: Loading system properties from: /Users/oliverluan/Developer/apache-jmeter-2.11/bin/system.properties 
2016/09/28 16:25:18 INFO  - jmeter.JMeter: Setting JMeter property: reportPath=/Users/oliverluan/Developer/performance/TestResult/09282016_1475051117/liveshow_list_10users_1min.jtl 
2016/09/28 16:25:18 INFO  - jmeter.JMeter: Setting JMeter property: threadsCount=10 
2016/09/28 16:25:18 INFO  - jmeter.JMeter: Setting JMeter property: liveshow_list=/Users/oliverluan/Developer/performance/TestData/liveshow_list.csv 
2016/09/28 16:25:18 INFO  - jmeter.JMeter: Setting JMeter property: password_login=/Users/oliverluan/Developer/performance/TestData/password_login.csv 
2016/09/28 16:25:18 INFO  - jmeter.JMeter: Setting JMeter property: host=dev.vliveshow.com 
2016/09/28 16:25:18 INFO  - jmeter.JMeter: Setting JMeter property: port=80 
2016/09/28 16:25:18 INFO  - jmeter.JMeter: Setting JMeter property: holdLoad=60 
2016/09/28 16:25:18 INFO  - jmeter.JMeter: Setting JMeter property: httpProtocol=http 
2016/09/28 16:25:18 INFO  - jmeter.JMeter: Copyright (c) 1998-2014 The Apache Software Foundation 
2016/09/28 16:25:18 INFO  - jmeter.JMeter: Version 2.11 r1554548 
2016/09/28 16:25:18 INFO  - jmeter.JMeter: java.version=1.8.0_101 
2016/09/28 16:25:18 INFO  - jmeter.JMeter: java.vm.name=Java HotSpot(TM) 64-Bit Server VM 
2016/09/28 16:25:18 INFO  - jmeter.JMeter: os.name=Mac OS X 
2016/09/28 16:25:18 INFO  - jmeter.JMeter: os.arch=x86_64 
2016/09/28 16:25:18 INFO  - jmeter.JMeter: os.version=10.12 
2016/09/28 16:25:18 INFO  - jmeter.JMeter: file.encoding=UTF-8 
2016/09/28 16:25:18 INFO  - jmeter.JMeter: Default Locale=English (United States) 
2016/09/28 16:25:18 INFO  - jmeter.JMeter: JMeter  Locale=English (United States) 
2016/09/28 16:25:18 INFO  - jmeter.JMeter: JMeterHome=/Users/oliverluan/Developer/apache-jmeter-2.11 
2016/09/28 16:25:18 INFO  - jmeter.JMeter: user.dir  =/Users/oliverluan/Developer/performance 
2016/09/28 16:25:18 INFO  - jmeter.JMeter: PWD       =/Users/oliverluan/Developer/performance 
2016/09/28 16:25:23 INFO  - jmeter.JMeter: IP: 192.168.121.236 Name: vipabcdeMacBook-Pro-8.local FullName: 192.168.121.236 
2016/09/28 16:25:23 INFO  - jmeter.services.FileServer: Default base='/Users/oliverluan/Developer/performance' 
2016/09/28 16:25:23 INFO  - jmeter.services.FileServer: Set new base='/Users/oliverluan/Developer/performance/TestPlan' 
2016/09/28 16:25:23 INFO  - jmeter.JMeter: Loading file: /Users/oliverluan/Developer/performance/TestPlan/liveshow_list.jmx 
2016/09/28 16:25:23 INFO  - jmeter.save.SaveService: Testplan (JMX) version: 2.2. Testlog (JTL) version: 2.2 
2016/09/28 16:25:23 INFO  - jmeter.save.SaveService: Using SaveService properties file encoding UTF-8 
2016/09/28 16:25:23 INFO  - jmeter.save.SaveService: Using SaveService properties version 2.6 
2016/09/28 16:25:23 INFO  - jmeter.save.SaveService: Using SaveService properties file version 1554411 
2016/09/28 16:25:23 INFO  - jmeter.save.SaveService: All converter versions present and correct 
2016/09/28 16:25:23 INFO  - jmeter.protocol.http.control.CookieManager: Settings: Delete null: true Check: true Allow variable: true Save: false Prefix: COOKIE_ 
2016/09/28 16:25:23 INFO  - jmeter.protocol.http.sampler.HTTPSamplerBase: Cannot find .className property for htmlParser, using default 
2016/09/28 16:25:23 INFO  - jmeter.protocol.http.sampler.HTTPSamplerBase: Parser for text/html is  
2016/09/28 16:25:23 INFO  - jmeter.protocol.http.sampler.HTTPSamplerBase: Parser for application/xhtml+xml is  
2016/09/28 16:25:23 INFO  - jmeter.protocol.http.sampler.HTTPSamplerBase: Parser for application/xml is  
2016/09/28 16:25:23 INFO  - jmeter.protocol.http.sampler.HTTPSamplerBase: Parser for text/xml is  
2016/09/28 16:25:23 INFO  - jmeter.protocol.http.sampler.HTTPSamplerBase: Parser for text/vnd.wap.wml is org.apache.jmeter.protocol.http.parser.RegexpHTMLParser 
2016/09/28 16:25:23 INFO  - jmeter.JMeter: Creating summariser <summary> 
2016/09/28 16:25:23 INFO  - jmeter.engine.StandardJMeterEngine: Listeners will be started after enabling running version 
2016/09/28 16:25:23 INFO  - jmeter.engine.StandardJMeterEngine: To revert to the earlier behaviour, define jmeterengine.startlistenerslater=false 
2016/09/28 16:25:23 INFO  - jmeter.engine.StandardJMeterEngine: Running the test! 
2016/09/28 16:25:28 INFO  - jmeter.samplers.SampleEvent: List of sample_variables: [] 
2016/09/28 16:25:28 INFO  - jmeter.samplers.SampleEvent: List of sample_variables: [] 
2016/09/28 16:25:28 INFO  - jmeter.engine.util.CompoundVariable: Note: Function class names must contain the string: '.functions.' 
2016/09/28 16:25:28 INFO  - jmeter.engine.util.CompoundVariable: Note: Function class names must not contain the string: '.gui.' 
2016/09/28 16:25:28 INFO  - jmeter.JMeter: Running test (1475051128873) 
2016/09/28 16:25:28 INFO  - jmeter.engine.StandardJMeterEngine: Starting ThreadGroup: 1 : LiveShow List 
2016/09/28 16:25:28 INFO  - jmeter.engine.StandardJMeterEngine: Starting 10 threads for group LiveShow List. 
2016/09/28 16:25:28 INFO  - jmeter.engine.StandardJMeterEngine: Thread will continue on error 
2016/09/28 16:25:28 INFO  - kg.apc.jmeter.threads.AbstractSimpleThreadGroup: Starting thread group number 1 threads 10 
2016/09/28 16:25:28 INFO  - jmeter.threads.JMeterThread: jmeterthread.startearlier=true (see jmeter.properties) 
2016/09/28 16:25:28 INFO  - jmeter.threads.JMeterThread: Running PostProcessors in forward order 
2016/09/28 16:25:28 INFO  - kg.apc.jmeter.threads.AbstractSimpleThreadGroup: Started thread group number 1 
2016/09/28 16:25:28 INFO  - jmeter.engine.StandardJMeterEngine: All thread groups have been started 
2016/09/28 16:25:29 INFO  - jmeter.threads.JMeterThread: Thread started: LiveShow List 1-10 
2016/09/28 16:25:29 INFO  - jmeter.services.FileServer: Stored: /Users/oliverluan/Developer/performance/TestData/liveshow_list.csv 
2016/09/28 16:25:29 INFO  - jmeter.services.FileServer: Stored: /Users/oliverluan/Developer/performance/TestData/password_login.csv 
2016/09/28 16:25:30 INFO  - jmeter.protocol.http.sampler.HTTPJavaImpl: Maximum connection retries = 10 
2016/09/28 16:25:30 INFO  - jmeter.samplers.SampleResult: Note: Sample TimeStamps are START times 
2016/09/28 16:25:30 INFO  - jmeter.samplers.SampleResult: sampleresult.default.encoding is set to ISO-8859-1 
2016/09/28 16:25:30 INFO  - jmeter.samplers.SampleResult: sampleresult.useNanoTime=true 
2016/09/28 16:25:30 INFO  - jmeter.samplers.SampleResult: sampleresult.nanoThreadSleep=5000 
2016/09/28 16:25:30 INFO  - jmeter.threads.JMeterThread: Thread started: LiveShow List 1-9 
2016/09/28 16:25:31 INFO  - jmeter.threads.JMeterThread: Thread started: LiveShow List 1-8 
2016/09/28 16:25:32 INFO  - jmeter.threads.JMeterThread: Thread started: LiveShow List 1-7 
2016/09/28 16:25:32 INFO  - jmeter.reporters.Summariser: summary +      1 in     3s =    0.4/s Avg:  2642 Min:  2642 Max:  2642 Err:     0 (0.00%) Active: 4 Started: 4 Finished: 0 
2016/09/28 16:25:33 INFO  - jmeter.threads.JMeterThread: Thread started: LiveShow List 1-6 
2016/09/28 16:25:34 INFO  - jmeter.threads.JMeterThread: Thread started: LiveShow List 1-5 
2016/09/28 16:25:35 INFO  - jmeter.threads.JMeterThread: Thread started: LiveShow List 1-4 
2016/09/28 16:25:36 INFO  - jmeter.threads.JMeterThread: Thread started: LiveShow List 1-3 
2016/09/28 16:25:37 INFO  - jmeter.threads.JMeterThread: Thread started: LiveShow List 1-2 
2016/09/28 16:25:38 INFO  - jmeter.threads.JMeterThread: Thread started: LiveShow List 1-1 
2016/09/28 16:26:00 INFO  - jmeter.reporters.Summariser: summary +    526 in    29s =   18.3/s Avg:   173 Min:   119 Max:  2598 Err:     0 (0.00%) Active: 10 Started: 10 Finished: 0 
2016/09/28 16:26:00 INFO  - jmeter.reporters.Summariser: summary =    527 in    30s =   17.7/s Avg:   177 Min:   119 Max:  2642 Err:     0 (0.00%) 
2016/09/28 16:26:30 INFO  - jmeter.reporters.Summariser: summary +    687 in  30.2s =   22.8/s Avg:   134 Min:   119 Max:   781 Err:     0 (0.00%) Active: 10 Started: 10 Finished: 0 
2016/09/28 16:26:30 INFO  - jmeter.reporters.Summariser: summary =   1214 in    60s =   20.3/s Avg:   153 Min:   119 Max:  2642 Err:     0 (0.00%) 
2016/09/28 16:26:39 INFO  - jmeter.threads.JMeterThread: Thread finished: LiveShow List 1-10 
2016/09/28 16:26:41 INFO  - jmeter.threads.JMeterThread: Thread finished: LiveShow List 1-9 
2016/09/28 16:26:41 INFO  - jmeter.threads.JMeterThread: Thread finished: LiveShow List 1-8 
2016/09/28 16:26:43 INFO  - jmeter.threads.JMeterThread: Thread finished: LiveShow List 1-7 
2016/09/28 16:26:44 INFO  - jmeter.threads.JMeterThread: Thread finished: LiveShow List 1-6 
2016/09/28 16:26:45 INFO  - jmeter.threads.JMeterThread: Thread finished: LiveShow List 1-5 
2016/09/28 16:26:45 INFO  - jmeter.threads.JMeterThread: Thread finished: LiveShow List 1-4 
2016/09/28 16:26:46 INFO  - jmeter.threads.JMeterThread: Thread finished: LiveShow List 1-3 
2016/09/28 16:26:48 INFO  - jmeter.threads.JMeterThread: Thread finished: LiveShow List 1-2 
2016/09/28 16:26:49 INFO  - jmeter.threads.JMeterThread: Thread finished: LiveShow List 1-1 
2016/09/28 16:26:49 INFO  - jmeter.engine.StandardJMeterEngine: Notifying test listeners of end of test 
2016/09/28 16:26:49 INFO  - jmeter.services.FileServer: Close: /Users/oliverluan/Developer/performance/TestData/password_login.csv 
2016/09/28 16:26:49 INFO  - jmeter.services.FileServer: Close: /Users/oliverluan/Developer/performance/TestData/liveshow_list.csv 
2016/09/28 16:26:49 INFO  - jmeter.reporters.Summariser: summary +    336 in  19.1s =   17.6/s Avg:   132 Min:   118 Max:   597 Err:     0 (0.00%) Active: 0 Started: 10 Finished: 10 
2016/09/28 16:26:49 INFO  - jmeter.reporters.Summariser: summary =   1550 in    79s =   19.7/s Avg:   148 Min:   118 Max:  2642 Err:     0 (0.00%) 
